<?xml version="1.0" encoding="UTF-8"?>
<coverage generated="1484433024028" clover="3.2.0">
  <project timestamp="1484433024029" name="All files">
    <metrics statements="196" coveredstatements="196" conditionals="30" coveredconditionals="28" methods="49" coveredmethods="49" elements="275" coveredelements="273" complexity="0" loc="196" ncloc="196" packages="2" files="8" classes="8">
      <package name="Chart">
        <metrics statements="132" coveredstatements="132" conditionals="20" coveredconditionals="19" methods="33" coveredmethods="33"/>
        <file name="Clip.jsx" path="/Users/arnthor/Development/github/react-liquidchart/src/Chart/Clip.jsx">
          <metrics statements="3" coveredstatements="3" conditionals="0" coveredconditionals="0" methods="1" coveredmethods="1"/>
          <line num="3" count="4" type="stmt"/>
          <line num="4" count="12" type="stmt"/>
          <line num="11" count="4" type="stmt"/>
        </file>
        <file name="Liquid.jsx" path="/Users/arnthor/Development/github/react-liquidchart/src/Chart/Liquid.jsx">
          <metrics statements="114" coveredstatements="114" conditionals="18" coveredconditionals="18" methods="29" coveredmethods="29"/>
          <line num="36" count="6" type="stmt"/>
          <line num="37" count="6" type="stmt"/>
          <line num="38" count="1" type="stmt"/>
          <line num="39" count="5" type="stmt"/>
          <line num="40" count="1" type="stmt"/>
          <line num="42" count="6" type="stmt"/>
          <line num="46" count="6" type="stmt"/>
          <line num="50" count="3" type="stmt"/>
          <line num="54" count="5" type="stmt"/>
          <line num="56" count="5" type="stmt"/>
          <line num="57" count="1" type="stmt"/>
          <line num="60" count="4" type="stmt"/>
          <line num="64" count="5" type="stmt"/>
          <line num="66" count="5" type="stmt"/>
          <line num="67" count="1" type="stmt"/>
          <line num="70" count="4" type="stmt"/>
          <line num="76" count="3" type="stmt"/>
          <line num="79" count="3" type="stmt"/>
          <line num="82" count="3" type="stmt"/>
          <line num="85" count="3" type="stmt"/>
          <line num="88" count="3" type="stmt"/>
          <line num="91" count="3" type="stmt"/>
          <line num="94" count="3" type="stmt"/>
          <line num="96" count="3" type="stmt"/>
          <line num="98" count="3" type="stmt"/>
          <line num="99" count="3" type="stmt"/>
          <line num="101" count="3" type="stmt"/>
          <line num="102" count="30" type="stmt"/>
          <line num="107" count="30" type="stmt"/>
          <line num="108" count="30" type="stmt"/>
          <line num="109" count="182" type="stmt"/>
          <line num="110" count="182" type="stmt"/>
          <line num="111" count="182" type="stmt"/>
          <line num="112" count="182" type="stmt"/>
          <line num="114" count="10920" type="stmt"/>
          <line num="116" count="182" type="stmt"/>
          <line num="117" count="182" type="stmt"/>
          <line num="118" count="182" type="stmt"/>
          <line num="125" count="29" type="stmt"/>
          <line num="126" count="29" type="stmt"/>
          <line num="127" count="137" type="stmt"/>
          <line num="128" count="137" type="stmt"/>
          <line num="129" count="137" type="stmt"/>
          <line num="130" count="137" type="stmt"/>
          <line num="132" count="8220" type="stmt"/>
          <line num="134" count="137" type="stmt"/>
          <line num="135" count="137" type="stmt"/>
          <line num="136" count="137" type="stmt"/>
          <line num="140" count="28" type="stmt"/>
          <line num="144" count="3" type="stmt"/>
          <line num="149" count="3" type="stmt"/>
          <line num="153" count="3" type="stmt"/>
          <line num="155" count="3" type="stmt"/>
          <line num="156" count="21" type="stmt"/>
          <line num="157" count="21" type="stmt"/>
          <line num="158" count="21" type="stmt"/>
          <line num="159" count="21" type="stmt"/>
          <line num="162" count="3" type="stmt"/>
          <line num="163" count="21" type="stmt"/>
          <line num="164" count="21" type="stmt"/>
          <line num="165" count="21" type="stmt"/>
          <line num="166" count="21" type="stmt"/>
          <line num="167" count="21" type="stmt"/>
          <line num="169" count="1260" type="stmt"/>
          <line num="171" count="21" type="stmt"/>
          <line num="172" count="21" type="stmt"/>
          <line num="173" count="21" type="stmt"/>
          <line num="174" count="21" type="stmt"/>
          <line num="175" count="21" type="stmt"/>
          <line num="179" count="2" type="stmt"/>
          <line num="186" count="2" type="stmt"/>
          <line num="189" count="2" type="stmt"/>
          <line num="192" count="2" type="stmt"/>
          <line num="195" count="2" type="stmt"/>
          <line num="198" count="2" type="stmt"/>
          <line num="200" count="2" type="stmt"/>
          <line num="202" count="2" type="stmt"/>
          <line num="204" count="2" type="stmt"/>
          <line num="205" count="2" type="stmt"/>
          <line num="207" count="2" type="stmt"/>
          <line num="212" count="2" type="stmt"/>
          <line num="213" count="2" type="stmt"/>
          <line num="214" count="26" type="stmt"/>
          <line num="215" count="26" type="stmt"/>
          <line num="216" count="26" type="stmt"/>
          <line num="217" count="26" type="stmt"/>
          <line num="219" count="2" type="stmt"/>
          <line num="220" count="26" type="stmt"/>
          <line num="221" count="26" type="stmt"/>
          <line num="222" count="26" type="stmt"/>
          <line num="224" count="1560" type="stmt"/>
          <line num="226" count="26" type="stmt"/>
          <line num="227" count="26" type="stmt"/>
          <line num="228" count="26" type="stmt"/>
          <line num="235" count="5" type="stmt"/>
          <line num="236" count="3" type="stmt"/>
          <line num="237" count="3" type="stmt"/>
          <line num="239" count="2" type="stmt"/>
          <line num="243" count="4" type="stmt"/>
          <line num="244" count="4" type="stmt"/>
          <line num="245" count="4" type="stmt"/>
          <line num="246" count="4" type="stmt"/>
          <line num="247" count="4" type="stmt"/>
          <line num="248" count="4" type="stmt"/>
          <line num="249" count="4" type="stmt"/>
          <line num="250" count="4" type="stmt"/>
          <line num="255" count="9" type="stmt"/>
          <line num="258" count="9" type="stmt"/>
          <line num="259" count="5" type="stmt"/>
          <line num="260" count="5" type="stmt"/>
          <line num="263" count="4" type="stmt"/>
          <line num="267" count="9" type="stmt"/>
          <line num="268" count="9" type="stmt"/>
          <line num="270" count="13" type="stmt"/>
        </file>
        <file name="LiquidChart.jsx" path="/Users/arnthor/Development/github/react-liquidchart/src/Chart/LiquidChart.jsx">
          <metrics statements="5" coveredstatements="5" conditionals="0" coveredconditionals="0" methods="1" coveredmethods="1"/>
          <line num="12" count="1" type="stmt"/>
          <line num="14" count="1" type="stmt"/>
          <line num="15" count="1" type="stmt"/>
          <line num="80" count="1" type="stmt"/>
          <line num="123" count="1" type="stmt"/>
        </file>
        <file name="Shape.jsx" path="/Users/arnthor/Development/github/react-liquidchart/src/Chart/Shape.jsx">
          <metrics statements="5" coveredstatements="5" conditionals="2" coveredconditionals="1" methods="1" coveredmethods="1"/>
          <line num="7" count="4" type="stmt"/>
          <line num="8" count="11" type="stmt"/>
          <line num="9" count="11" type="stmt"/>
          <line num="29" count="4" type="stmt"/>
          <line num="38" count="4" type="stmt"/>
        </file>
        <file name="Text.jsx" path="/Users/arnthor/Development/github/react-liquidchart/src/Chart/Text.jsx">
          <metrics statements="5" coveredstatements="5" conditionals="0" coveredconditionals="0" methods="1" coveredmethods="1"/>
          <line num="4" count="2" type="stmt"/>
          <line num="5" count="2" type="stmt"/>
          <line num="35" count="2" type="stmt"/>
          <line num="40" count="2" type="stmt"/>
          <line num="55" count="2" type="stmt"/>
        </file>
      </package>
      <package name="Helpers">
        <metrics statements="64" coveredstatements="64" conditionals="10" coveredconditionals="9" methods="16" coveredmethods="16"/>
        <file name="constants.js" path="/Users/arnthor/Development/github/react-liquidchart/src/Helpers/constants.js">
          <metrics statements="13" coveredstatements="13" conditionals="0" coveredconditionals="0" methods="0" coveredmethods="0"/>
          <line num="4" count="4" type="stmt"/>
          <line num="5" count="4" type="stmt"/>
          <line num="6" count="4" type="stmt"/>
          <line num="7" count="4" type="stmt"/>
          <line num="8" count="4" type="stmt"/>
          <line num="9" count="4" type="stmt"/>
          <line num="10" count="4" type="stmt"/>
          <line num="11" count="4" type="stmt"/>
          <line num="12" count="4" type="stmt"/>
          <line num="13" count="4" type="stmt"/>
          <line num="17" count="4" type="stmt"/>
          <line num="18" count="4" type="stmt"/>
          <line num="23" count="4" type="stmt"/>
        </file>
        <file name="dimensions.js" path="/Users/arnthor/Development/github/react-liquidchart/src/Helpers/dimensions.js">
          <metrics statements="49" coveredstatements="49" conditionals="10" coveredconditionals="9" methods="16" coveredmethods="16"/>
          <line num="5" count="4" type="stmt"/>
          <line num="6" count="9" type="stmt"/>
          <line num="7" count="9" type="stmt"/>
          <line num="8" count="9" type="stmt"/>
          <line num="9" count="9" type="stmt"/>
          <line num="12" count="4" type="stmt"/>
          <line num="13" count="11" type="stmt"/>
          <line num="20" count="4" type="stmt"/>
          <line num="21" count="11" type="stmt"/>
          <line num="28" count="4" type="stmt"/>
          <line num="29" count="9" type="stmt"/>
          <line num="30" count="9" type="stmt"/>
          <line num="31" count="9" type="stmt"/>
          <line num="32" count="9" type="stmt"/>
          <line num="33" count="9" type="stmt"/>
          <line num="37" count="4" type="stmt"/>
          <line num="38" count="5" type="stmt"/>
          <line num="40" count="5" type="stmt"/>
          <line num="41" count="21960" type="stmt"/>
          <line num="42" count="21960" type="stmt"/>
          <line num="44" count="5" type="stmt"/>
          <line num="47" count="4" type="stmt"/>
          <line num="48" count="9" type="stmt"/>
          <line num="49" count="8" type="stmt"/>
          <line num="55" count="1" type="stmt"/>
          <line num="62" count="4" type="stmt"/>
          <line num="63" count="4" type="stmt"/>
          <line num="64" count="240" type="stmt"/>
          <line num="65" count="4" type="stmt"/>
          <line num="66" count="4" type="stmt"/>
          <line num="68" count="240" type="stmt"/>
          <line num="69" count="240" type="stmt"/>
          <line num="70" count="240" type="stmt"/>
          <line num="74" count="4" type="stmt"/>
          <line num="75" count="21960" type="stmt"/>
          <line num="77" count="4" type="stmt"/>
          <line num="78" count="3" type="stmt"/>
          <line num="79" count="3" type="stmt"/>
          <line num="80" count="3" type="stmt"/>
          <line num="81" count="3" type="stmt"/>
          <line num="83" count="3" type="stmt"/>
          <line num="89" count="3" type="stmt"/>
          <line num="94" count="3" type="stmt"/>
          <line num="100" count="4" type="stmt"/>
          <line num="102" count="3" type="stmt"/>
          <line num="107" count="3" type="stmt"/>
          <line num="112" count="3" type="stmt"/>
          <line num="117" count="3" type="stmt"/>
          <line num="121" count="3" type="stmt"/>
        </file>
        <file name="props.js" path="/Users/arnthor/Development/github/react-liquidchart/src/Helpers/props.js">
          <metrics statements="2" coveredstatements="2" conditionals="0" coveredconditionals="0" methods="0" coveredmethods="0"/>
          <line num="3" count="4" type="stmt"/>
          <line num="8" count="4" type="stmt"/>
        </file>
      </package>
    </metrics>
  </project>
</coverage>
