{"/Users/arnthor/Development/github/react-liquidchart/src/Chart/Clip.jsx": {"path":"/Users/arnthor/Development/github/react-liquidchart/src/Chart/Clip.jsx","statementMap":{"0":{"start":{"line":3,"column":13},"end":{"line":9,"column":1}},"1":{"start":{"line":4,"column":2},"end":{"line":8,"column":9}},"2":{"start":{"line":11,"column":0},"end":{"line":13,"column":2}}},"fnMap":{"0":{"name":"(anonymous_0)","decl":{"start":{"line":3,"column":13},"end":{"line":3,"column":14}},"loc":{"start":{"line":4,"column":2},"end":{"line":8,"column":9}}}},"branchMap":{},"s":{"0":4,"1":12,"2":4},"f":{"0":12},"b":{},"_coverageSchema":"332fd63041d2c1bcb487cc26dd0d5f7d97098a6c","hash":"1672547bb7defbdc0c959e30e526899e1216a12a"}
,"/Users/arnthor/Development/github/react-liquidchart/src/Chart/Liquid.jsx": {"path":"/Users/arnthor/Development/github/react-liquidchart/src/Chart/Liquid.jsx","statementMap":{"0":{"start":{"line":36,"column":4},"end":{"line":36,"column":12}},"1":{"start":{"line":37,"column":4},"end":{"line":41,"column":5}},"2":{"start":{"line":38,"column":6},"end":{"line":38,"column":47}},"3":{"start":{"line":39,"column":11},"end":{"line":41,"column":5}},"4":{"start":{"line":40,"column":6},"end":{"line":40,"column":45}},"5":{"start":{"line":42,"column":4},"end":{"line":42,"column":18}},"6":{"start":{"line":46,"column":4},"end":{"line":46,"column":23}},"7":{"start":{"line":50,"column":4},"end":{"line":50,"column":23}},"8":{"start":{"line":54,"column":26},"end":{"line":54,"column":56}},"9":{"start":{"line":56,"column":4},"end":{"line":58,"column":5}},"10":{"start":{"line":57,"column":6},"end":{"line":57,"column":27}},"11":{"start":{"line":60,"column":4},"end":{"line":60,"column":31}},"12":{"start":{"line":64,"column":26},"end":{"line":64,"column":50}},"13":{"start":{"line":66,"column":4},"end":{"line":68,"column":5}},"14":{"start":{"line":67,"column":6},"end":{"line":67,"column":18}},"15":{"start":{"line":70,"column":4},"end":{"line":70,"column":25}},"16":{"start":{"line":76,"column":16},"end":{"line":76,"column":38}},"17":{"start":{"line":79,"column":22},"end":{"line":79,"column":44}},"18":{"start":{"line":82,"column":17},"end":{"line":82,"column":60}},"19":{"start":{"line":85,"column":26},"end":{"line":85,"column":42}},"20":{"start":{"line":88,"column":26},"end":{"line":88,"column":49}},"21":{"start":{"line":91,"column":22},"end":{"line":91,"column":54}},"22":{"start":{"line":94,"column":37},"end":{"line":94,"column":63}},"23":{"start":{"line":96,"column":77},"end":{"line":96,"column":97}},"24":{"start":{"line":98,"column":22},"end":{"line":98,"column":62}},"25":{"start":{"line":99,"column":24},"end":{"line":99,"column":66}},"26":{"start":{"line":101,"column":22},"end":{"line":142,"column":5}},"27":{"start":{"line":102,"column":6},"end":{"line":141,"column":11}},"28":{"start":{"line":107,"column":10},"end":{"line":107,"column":28}},"29":{"start":{"line":108,"column":10},"end":{"line":119,"column":12}},"30":{"start":{"line":109,"column":24},"end":{"line":109,"column":42}},"31":{"start":{"line":110,"column":25},"end":{"line":110,"column":43}},"32":{"start":{"line":111,"column":23},"end":{"line":111,"column":56}},"33":{"start":{"line":112,"column":12},"end":{"line":115,"column":17}},"34":{"start":{"line":114,"column":16},"end":{"line":114,"column":80}},"35":{"start":{"line":116,"column":12},"end":{"line":116,"column":32}},"36":{"start":{"line":117,"column":12},"end":{"line":117,"column":33}},"37":{"start":{"line":118,"column":12},"end":{"line":118,"column":33}},"38":{"start":{"line":125,"column":10},"end":{"line":125,"column":28}},"39":{"start":{"line":126,"column":10},"end":{"line":137,"column":12}},"40":{"start":{"line":127,"column":24},"end":{"line":127,"column":41}},"41":{"start":{"line":128,"column":25},"end":{"line":128,"column":42}},"42":{"start":{"line":129,"column":23},"end":{"line":129,"column":56}},"43":{"start":{"line":130,"column":12},"end":{"line":133,"column":17}},"44":{"start":{"line":132,"column":16},"end":{"line":132,"column":80}},"45":{"start":{"line":134,"column":12},"end":{"line":134,"column":32}},"46":{"start":{"line":135,"column":12},"end":{"line":135,"column":33}},"47":{"start":{"line":136,"column":12},"end":{"line":136,"column":33}},"48":{"start":{"line":140,"column":10},"end":{"line":140,"column":22}},"49":{"start":{"line":144,"column":4},"end":{"line":180,"column":9}},"50":{"start":{"line":149,"column":25},"end":{"line":149,"column":76}},"51":{"start":{"line":153,"column":12},"end":{"line":153,"column":48}},"52":{"start":{"line":155,"column":26},"end":{"line":160,"column":9}},"53":{"start":{"line":156,"column":24},"end":{"line":156,"column":34}},"54":{"start":{"line":157,"column":21},"end":{"line":157,"column":44}},"55":{"start":{"line":158,"column":10},"end":{"line":158,"column":36}},"56":{"start":{"line":159,"column":10},"end":{"line":159,"column":46}},"57":{"start":{"line":162,"column":8},"end":{"line":176,"column":10}},"58":{"start":{"line":163,"column":22},"end":{"line":163,"column":33}},"59":{"start":{"line":164,"column":22},"end":{"line":164,"column":39}},"60":{"start":{"line":165,"column":23},"end":{"line":165,"column":40}},"61":{"start":{"line":166,"column":21},"end":{"line":166,"column":41}},"62":{"start":{"line":167,"column":10},"end":{"line":170,"column":15}},"63":{"start":{"line":169,"column":14},"end":{"line":169,"column":65}},"64":{"start":{"line":171,"column":10},"end":{"line":171,"column":32}},"65":{"start":{"line":172,"column":10},"end":{"line":172,"column":30}},"66":{"start":{"line":173,"column":10},"end":{"line":173,"column":31}},"67":{"start":{"line":174,"column":10},"end":{"line":174,"column":25}},"68":{"start":{"line":175,"column":10},"end":{"line":175,"column":31}},"69":{"start":{"line":179,"column":8},"end":{"line":179,"column":20}},"70":{"start":{"line":186,"column":16},"end":{"line":186,"column":38}},"71":{"start":{"line":189,"column":22},"end":{"line":189,"column":44}},"72":{"start":{"line":192,"column":17},"end":{"line":192,"column":60}},"73":{"start":{"line":195,"column":26},"end":{"line":195,"column":42}},"74":{"start":{"line":198,"column":26},"end":{"line":198,"column":49}},"75":{"start":{"line":200,"column":22},"end":{"line":200,"column":54}},"76":{"start":{"line":202,"column":37},"end":{"line":202,"column":63}},"77":{"start":{"line":204,"column":22},"end":{"line":204,"column":62}},"78":{"start":{"line":205,"column":24},"end":{"line":205,"column":66}},"79":{"start":{"line":207,"column":4},"end":{"line":230,"column":9}},"80":{"start":{"line":212,"column":25},"end":{"line":212,"column":76}},"81":{"start":{"line":213,"column":26},"end":{"line":218,"column":9}},"82":{"start":{"line":214,"column":24},"end":{"line":214,"column":34}},"83":{"start":{"line":215,"column":21},"end":{"line":215,"column":44}},"84":{"start":{"line":216,"column":10},"end":{"line":216,"column":36}},"85":{"start":{"line":217,"column":10},"end":{"line":217,"column":46}},"86":{"start":{"line":219,"column":8},"end":{"line":229,"column":10}},"87":{"start":{"line":220,"column":22},"end":{"line":220,"column":33}},"88":{"start":{"line":221,"column":21},"end":{"line":221,"column":35}},"89":{"start":{"line":222,"column":10},"end":{"line":225,"column":15}},"90":{"start":{"line":224,"column":14},"end":{"line":224,"column":62}},"91":{"start":{"line":226,"column":10},"end":{"line":226,"column":32}},"92":{"start":{"line":227,"column":10},"end":{"line":227,"column":25}},"93":{"start":{"line":228,"column":10},"end":{"line":228,"column":31}},"94":{"start":{"line":235,"column":4},"end":{"line":238,"column":5}},"95":{"start":{"line":236,"column":6},"end":{"line":236,"column":33}},"96":{"start":{"line":237,"column":6},"end":{"line":237,"column":13}},"97":{"start":{"line":239,"column":4},"end":{"line":239,"column":24}},"98":{"start":{"line":243,"column":16},"end":{"line":243,"column":38}},"99":{"start":{"line":244,"column":22},"end":{"line":244,"column":44}},"100":{"start":{"line":245,"column":15},"end":{"line":245,"column":58}},"101":{"start":{"line":246,"column":22},"end":{"line":246,"column":62}},"102":{"start":{"line":247,"column":25},"end":{"line":247,"column":67}},"103":{"start":{"line":248,"column":4},"end":{"line":248,"column":28}},"104":{"start":{"line":249,"column":4},"end":{"line":249,"column":51}},"105":{"start":{"line":250,"column":4},"end":{"line":250,"column":46}},"106":{"start":{"line":255,"column":6},"end":{"line":255,"column":58}},"107":{"start":{"line":258,"column":4},"end":{"line":261,"column":5}},"108":{"start":{"line":259,"column":6},"end":{"line":259,"column":21}},"109":{"start":{"line":260,"column":6},"end":{"line":260,"column":13}},"110":{"start":{"line":263,"column":4},"end":{"line":263,"column":16}},"111":{"start":{"line":267,"column":14},"end":{"line":267,"column":42}},"112":{"start":{"line":268,"column":4},"end":{"line":275,"column":6}},"113":{"start":{"line":270,"column":22},"end":{"line":270,"column":41}}},"fnMap":{"0":{"name":"(anonymous_0)","decl":{"start":{"line":35,"column":2},"end":{"line":35,"column":3}},"loc":{"start":{"line":35,"column":21},"end":{"line":43,"column":3}}},"1":{"name":"(anonymous_1)","decl":{"start":{"line":45,"column":2},"end":{"line":45,"column":3}},"loc":{"start":{"line":45,"column":22},"end":{"line":47,"column":3}}},"2":{"name":"(anonymous_2)","decl":{"start":{"line":49,"column":2},"end":{"line":49,"column":3}},"loc":{"start":{"line":49,"column":43},"end":{"line":51,"column":3}}},"3":{"name":"(anonymous_3)","decl":{"start":{"line":53,"column":2},"end":{"line":53,"column":3}},"loc":{"start":{"line":53,"column":14},"end":{"line":61,"column":3}}},"4":{"name":"(anonymous_4)","decl":{"start":{"line":63,"column":2},"end":{"line":63,"column":3}},"loc":{"start":{"line":63,"column":21},"end":{"line":71,"column":3}}},"5":{"name":"(anonymous_5)","decl":{"start":{"line":73,"column":2},"end":{"line":73,"column":3}},"loc":{"start":{"line":73,"column":24},"end":{"line":181,"column":3}}},"6":{"name":"(anonymous_6)","decl":{"start":{"line":101,"column":22},"end":{"line":101,"column":23}},"loc":{"start":{"line":101,"column":28},"end":{"line":142,"column":5}}},"7":{"name":"(anonymous_7)","decl":{"start":{"line":106,"column":24},"end":{"line":106,"column":25}},"loc":{"start":{"line":106,"column":30},"end":{"line":120,"column":9}}},"8":{"name":"(anonymous_8)","decl":{"start":{"line":108,"column":17},"end":{"line":108,"column":18}},"loc":{"start":{"line":108,"column":25},"end":{"line":119,"column":11}}},"9":{"name":"(anonymous_9)","decl":{"start":{"line":113,"column":18},"end":{"line":113,"column":19}},"loc":{"start":{"line":114,"column":16},"end":{"line":114,"column":80}}},"10":{"name":"(anonymous_10)","decl":{"start":{"line":124,"column":24},"end":{"line":124,"column":25}},"loc":{"start":{"line":124,"column":30},"end":{"line":138,"column":9}}},"11":{"name":"(anonymous_11)","decl":{"start":{"line":126,"column":17},"end":{"line":126,"column":18}},"loc":{"start":{"line":126,"column":25},"end":{"line":137,"column":11}}},"12":{"name":"(anonymous_12)","decl":{"start":{"line":131,"column":18},"end":{"line":131,"column":19}},"loc":{"start":{"line":132,"column":16},"end":{"line":132,"column":80}}},"13":{"name":"(anonymous_13)","decl":{"start":{"line":139,"column":19},"end":{"line":139,"column":20}},"loc":{"start":{"line":139,"column":25},"end":{"line":141,"column":9}}},"14":{"name":"(anonymous_14)","decl":{"start":{"line":148,"column":22},"end":{"line":148,"column":23}},"loc":{"start":{"line":148,"column":28},"end":{"line":177,"column":7}}},"15":{"name":"(anonymous_15)","decl":{"start":{"line":155,"column":26},"end":{"line":155,"column":27}},"loc":{"start":{"line":155,"column":35},"end":{"line":160,"column":9}}},"16":{"name":"(anonymous_16)","decl":{"start":{"line":162,"column":15},"end":{"line":162,"column":16}},"loc":{"start":{"line":162,"column":22},"end":{"line":176,"column":9}}},"17":{"name":"(anonymous_17)","decl":{"start":{"line":168,"column":16},"end":{"line":168,"column":17}},"loc":{"start":{"line":169,"column":14},"end":{"line":169,"column":65}}},"18":{"name":"(anonymous_18)","decl":{"start":{"line":178,"column":17},"end":{"line":178,"column":18}},"loc":{"start":{"line":178,"column":23},"end":{"line":180,"column":7}}},"19":{"name":"(anonymous_19)","decl":{"start":{"line":183,"column":2},"end":{"line":183,"column":3}},"loc":{"start":{"line":183,"column":17},"end":{"line":232,"column":3}}},"20":{"name":"(anonymous_20)","decl":{"start":{"line":211,"column":22},"end":{"line":211,"column":23}},"loc":{"start":{"line":211,"column":28},"end":{"line":230,"column":7}}},"21":{"name":"(anonymous_21)","decl":{"start":{"line":213,"column":26},"end":{"line":213,"column":27}},"loc":{"start":{"line":213,"column":35},"end":{"line":218,"column":9}}},"22":{"name":"(anonymous_22)","decl":{"start":{"line":219,"column":15},"end":{"line":219,"column":16}},"loc":{"start":{"line":219,"column":22},"end":{"line":229,"column":9}}},"23":{"name":"(anonymous_23)","decl":{"start":{"line":223,"column":16},"end":{"line":223,"column":17}},"loc":{"start":{"line":224,"column":14},"end":{"line":224,"column":62}}},"24":{"name":"(anonymous_24)","decl":{"start":{"line":234,"column":2},"end":{"line":234,"column":3}},"loc":{"start":{"line":234,"column":12},"end":{"line":240,"column":3}}},"25":{"name":"(anonymous_25)","decl":{"start":{"line":242,"column":2},"end":{"line":242,"column":3}},"loc":{"start":{"line":242,"column":9},"end":{"line":251,"column":3}}},"26":{"name":"(anonymous_26)","decl":{"start":{"line":253,"column":2},"end":{"line":253,"column":3}},"loc":{"start":{"line":253,"column":16},"end":{"line":264,"column":3}}},"27":{"name":"(anonymous_27)","decl":{"start":{"line":266,"column":2},"end":{"line":266,"column":3}},"loc":{"start":{"line":266,"column":11},"end":{"line":276,"column":3}}},"28":{"name":"(anonymous_28)","decl":{"start":{"line":270,"column":13},"end":{"line":270,"column":14}},"loc":{"start":{"line":270,"column":20},"end":{"line":270,"column":43}}}},"branchMap":{"0":{"loc":{"start":{"line":37,"column":4},"end":{"line":41,"column":5}},"type":"if","locations":[{"start":{"line":37,"column":4},"end":{"line":41,"column":5}},{"start":{"line":37,"column":4},"end":{"line":41,"column":5}}]},"1":{"loc":{"start":{"line":39,"column":11},"end":{"line":41,"column":5}},"type":"if","locations":[{"start":{"line":39,"column":11},"end":{"line":41,"column":5}},{"start":{"line":39,"column":11},"end":{"line":41,"column":5}}]},"2":{"loc":{"start":{"line":56,"column":4},"end":{"line":58,"column":5}},"type":"if","locations":[{"start":{"line":56,"column":4},"end":{"line":58,"column":5}},{"start":{"line":56,"column":4},"end":{"line":58,"column":5}}]},"3":{"loc":{"start":{"line":66,"column":4},"end":{"line":68,"column":5}},"type":"if","locations":[{"start":{"line":66,"column":4},"end":{"line":68,"column":5}},{"start":{"line":66,"column":4},"end":{"line":68,"column":5}}]},"4":{"loc":{"start":{"line":149,"column":37},"end":{"line":149,"column":57}},"type":"binary-expr","locations":[{"start":{"line":149,"column":37},"end":{"line":149,"column":52}},{"start":{"line":149,"column":56},"end":{"line":149,"column":57}}]},"5":{"loc":{"start":{"line":212,"column":37},"end":{"line":212,"column":57}},"type":"binary-expr","locations":[{"start":{"line":212,"column":37},"end":{"line":212,"column":52}},{"start":{"line":212,"column":56},"end":{"line":212,"column":57}}]},"6":{"loc":{"start":{"line":235,"column":4},"end":{"line":238,"column":5}},"type":"if","locations":[{"start":{"line":235,"column":4},"end":{"line":238,"column":5}},{"start":{"line":235,"column":4},"end":{"line":238,"column":5}}]},"7":{"loc":{"start":{"line":255,"column":6},"end":{"line":255,"column":58}},"type":"binary-expr","locations":[{"start":{"line":255,"column":6},"end":{"line":255,"column":30}},{"start":{"line":255,"column":34},"end":{"line":255,"column":58}}]},"8":{"loc":{"start":{"line":258,"column":4},"end":{"line":261,"column":5}},"type":"if","locations":[{"start":{"line":258,"column":4},"end":{"line":261,"column":5}},{"start":{"line":258,"column":4},"end":{"line":261,"column":5}}]}},"s":{"0":6,"1":6,"2":1,"3":5,"4":1,"5":6,"6":6,"7":3,"8":5,"9":5,"10":1,"11":4,"12":5,"13":5,"14":1,"15":4,"16":3,"17":3,"18":3,"19":3,"20":3,"21":3,"22":3,"23":3,"24":3,"25":3,"26":3,"27":30,"28":30,"29":30,"30":182,"31":182,"32":182,"33":182,"34":10920,"35":182,"36":182,"37":182,"38":29,"39":29,"40":137,"41":137,"42":137,"43":137,"44":8220,"45":137,"46":137,"47":137,"48":28,"49":3,"50":3,"51":3,"52":3,"53":21,"54":21,"55":21,"56":21,"57":3,"58":21,"59":21,"60":21,"61":21,"62":21,"63":1260,"64":21,"65":21,"66":21,"67":21,"68":21,"69":2,"70":2,"71":2,"72":2,"73":2,"74":2,"75":2,"76":2,"77":2,"78":2,"79":2,"80":2,"81":2,"82":26,"83":26,"84":26,"85":26,"86":2,"87":26,"88":26,"89":26,"90":1560,"91":26,"92":26,"93":26,"94":5,"95":3,"96":3,"97":2,"98":4,"99":4,"100":4,"101":4,"102":4,"103":4,"104":4,"105":4,"106":9,"107":9,"108":5,"109":5,"110":4,"111":9,"112":9,"113":13},"f":{"0":6,"1":6,"2":3,"3":5,"4":5,"5":3,"6":30,"7":30,"8":182,"9":10920,"10":29,"11":137,"12":8220,"13":28,"14":3,"15":21,"16":21,"17":1260,"18":2,"19":2,"20":2,"21":26,"22":26,"23":1560,"24":5,"25":4,"26":9,"27":9,"28":13},"b":{"0":[1,5],"1":[1,4],"2":[1,4],"3":[1,4],"4":[3,3],"5":[2,2],"6":[3,2],"7":[9,5],"8":[5,4]},"_coverageSchema":"332fd63041d2c1bcb487cc26dd0d5f7d97098a6c","hash":"0503146d51bf9b14b89a2528b48b2f66e8e95312"}
,"/Users/arnthor/Development/github/react-liquidchart/src/Chart/LiquidChart.jsx": {"path":"/Users/arnthor/Development/github/react-liquidchart/src/Chart/LiquidChart.jsx","statementMap":{"0":{"start":{"line":12,"column":19},"end":{"line":12,"column":25}},"1":{"start":{"line":14,"column":20},"end":{"line":78,"column":1}},"2":{"start":{"line":15,"column":2},"end":{"line":77,"column":10}},"3":{"start":{"line":80,"column":0},"end":{"line":121,"column":2}},"4":{"start":{"line":123,"column":0},"end":{"line":138,"column":2}}},"fnMap":{"0":{"name":"(anonymous_0)","decl":{"start":{"line":14,"column":20},"end":{"line":14,"column":21}},"loc":{"start":{"line":15,"column":2},"end":{"line":77,"column":10}}}},"branchMap":{},"s":{"0":1,"1":1,"2":1,"3":1,"4":1},"f":{"0":1},"b":{},"_coverageSchema":"332fd63041d2c1bcb487cc26dd0d5f7d97098a6c","hash":"ebcc4ef43210c1d105140b926f282d1469c297b6"}
,"/Users/arnthor/Development/github/react-liquidchart/src/Chart/Shape.jsx": {"path":"/Users/arnthor/Development/github/react-liquidchart/src/Chart/Shape.jsx","statementMap":{"0":{"start":{"line":7,"column":14},"end":{"line":27,"column":1}},"1":{"start":{"line":8,"column":21},"end":{"line":8,"column":92}},"2":{"start":{"line":9,"column":2},"end":{"line":26,"column":4}},"3":{"start":{"line":29,"column":0},"end":{"line":36,"column":2}},"4":{"start":{"line":38,"column":0},"end":{"line":43,"column":1}}},"fnMap":{"0":{"name":"(anonymous_0)","decl":{"start":{"line":7,"column":14},"end":{"line":7,"column":15}},"loc":{"start":{"line":7,"column":25},"end":{"line":27,"column":1}}}},"branchMap":{"0":{"loc":{"start":{"line":8,"column":21},"end":{"line":8,"column":92}},"type":"cond-expr","locations":[{"start":{"line":8,"column":40},"end":{"line":8,"column":67}},{"start":{"line":8,"column":70},"end":{"line":8,"column":92}}]}},"s":{"0":4,"1":11,"2":11,"3":4,"4":4},"f":{"0":11},"b":{"0":[0,11]},"_coverageSchema":"332fd63041d2c1bcb487cc26dd0d5f7d97098a6c","hash":"1b56358b19566b194c4b9a40a333e86d13a37873"}
,"/Users/arnthor/Development/github/react-liquidchart/src/Chart/Text.jsx": {"path":"/Users/arnthor/Development/github/react-liquidchart/src/Chart/Text.jsx","statementMap":{"0":{"start":{"line":4,"column":19},"end":{"line":33,"column":1}},"1":{"start":{"line":5,"column":2},"end":{"line":32,"column":6}},"2":{"start":{"line":35,"column":15},"end":{"line":38,"column":2}},"3":{"start":{"line":40,"column":0},"end":{"line":53,"column":2}},"4":{"start":{"line":55,"column":0},"end":{"line":60,"column":2}}},"fnMap":{"0":{"name":"(anonymous_0)","decl":{"start":{"line":4,"column":19},"end":{"line":4,"column":20}},"loc":{"start":{"line":5,"column":2},"end":{"line":32,"column":6}}}},"branchMap":{},"s":{"0":2,"1":2,"2":2,"3":2,"4":2},"f":{"0":2},"b":{},"_coverageSchema":"332fd63041d2c1bcb487cc26dd0d5f7d97098a6c","hash":"4ee9039c53ed4a175908cc9e5ad9c308b0d89c4c"}
,"/Users/arnthor/Development/github/react-liquidchart/src/Helpers/constants.js": {"path":"/Users/arnthor/Development/github/react-liquidchart/src/Helpers/constants.js","statementMap":{"0":{"start":{"line":4,"column":25},"end":{"line":4,"column":33}},"1":{"start":{"line":5,"column":29},"end":{"line":5,"column":44}},"2":{"start":{"line":6,"column":20},"end":{"line":6,"column":43}},"3":{"start":{"line":7,"column":21},"end":{"line":7,"column":45}},"4":{"start":{"line":8,"column":21},"end":{"line":8,"column":45}},"5":{"start":{"line":9,"column":20},"end":{"line":9,"column":42}},"6":{"start":{"line":10,"column":26},"end":{"line":10,"column":41}},"7":{"start":{"line":11,"column":28},"end":{"line":11,"column":45}},"8":{"start":{"line":12,"column":28},"end":{"line":12,"column":45}},"9":{"start":{"line":13,"column":27},"end":{"line":13,"column":43}},"10":{"start":{"line":17,"column":39},"end":{"line":17,"column":97}},"11":{"start":{"line":18,"column":37},"end":{"line":18,"column":81}},"12":{"start":{"line":23,"column":24},"end":{"line":23,"column":26}}},"fnMap":{},"branchMap":{},"s":{"0":4,"1":4,"2":4,"3":4,"4":4,"5":4,"6":4,"7":4,"8":4,"9":4,"10":4,"11":4,"12":4},"f":{},"b":{},"_coverageSchema":"332fd63041d2c1bcb487cc26dd0d5f7d97098a6c","hash":"a55b0fbc487587158bfe282fcc340957e0a3f767"}
,"/Users/arnthor/Development/github/react-liquidchart/src/Helpers/dimensions.js": {"path":"/Users/arnthor/Development/github/react-liquidchart/src/Helpers/dimensions.js","statementMap":{"0":{"start":{"line":5,"column":29},"end":{"line":10,"column":1}},"1":{"start":{"line":6,"column":13},"end":{"line":6,"column":44}},"2":{"start":{"line":7,"column":13},"end":{"line":7,"column":45}},"3":{"start":{"line":8,"column":17},"end":{"line":8,"column":33}},"4":{"start":{"line":9,"column":2},"end":{"line":9,"column":28}},"5":{"start":{"line":12,"column":29},"end":{"line":18,"column":1}},"6":{"start":{"line":13,"column":2},"end":{"line":17,"column":26}},"7":{"start":{"line":20,"column":29},"end":{"line":26,"column":1}},"8":{"start":{"line":21,"column":2},"end":{"line":25,"column":26}},"9":{"start":{"line":28,"column":25},"end":{"line":34,"column":1}},"10":{"start":{"line":29,"column":13},"end":{"line":29,"column":55}},"11":{"start":{"line":30,"column":13},"end":{"line":30,"column":54}},"12":{"start":{"line":31,"column":12},"end":{"line":31,"column":62}},"13":{"start":{"line":32,"column":12},"end":{"line":32,"column":57}},"14":{"start":{"line":33,"column":2},"end":{"line":33,"column":24}},"15":{"start":{"line":37,"column":27},"end":{"line":45,"column":1}},"16":{"start":{"line":38,"column":25},"end":{"line":38,"column":41}},"17":{"start":{"line":40,"column":4},"end":{"line":42,"column":17}},"18":{"start":{"line":41,"column":19},"end":{"line":41,"column":23}},"19":{"start":{"line":42,"column":15},"end":{"line":42,"column":16}},"20":{"start":{"line":44,"column":2},"end":{"line":44,"column":34}},"21":{"start":{"line":47,"column":33},"end":{"line":60,"column":1}},"22":{"start":{"line":48,"column":2},"end":{"line":54,"column":3}},"23":{"start":{"line":49,"column":4},"end":{"line":53,"column":6}},"24":{"start":{"line":55,"column":2},"end":{"line":59,"column":4}},"25":{"start":{"line":62,"column":23},"end":{"line":72,"column":1}},"26":{"start":{"line":63,"column":25},"end":{"line":63,"column":41}},"27":{"start":{"line":64,"column":15},"end":{"line":64,"column":80}},"28":{"start":{"line":64,"column":28},"end":{"line":64,"column":80}},"29":{"start":{"line":65,"column":20},"end":{"line":65,"column":44}},"30":{"start":{"line":66,"column":2},"end":{"line":71,"column":4}},"31":{"start":{"line":68,"column":19},"end":{"line":68,"column":23}},"32":{"start":{"line":69,"column":20},"end":{"line":69,"column":71}},"33":{"start":{"line":70,"column":15},"end":{"line":70,"column":16}},"34":{"start":{"line":74,"column":20},"end":{"line":75,"column":56}},"35":{"start":{"line":75,"column":2},"end":{"line":75,"column":56}},"36":{"start":{"line":77,"column":36},"end":{"line":98,"column":1}},"37":{"start":{"line":78,"column":18},"end":{"line":78,"column":30}},"38":{"start":{"line":79,"column":22},"end":{"line":79,"column":38}},"39":{"start":{"line":80,"column":24},"end":{"line":80,"column":36}},"40":{"start":{"line":81,"column":19},"end":{"line":81,"column":30}},"41":{"start":{"line":83,"column":4},"end":{"line":85,"column":26}},"42":{"start":{"line":89,"column":4},"end":{"line":91,"column":21}},"43":{"start":{"line":94,"column":2},"end":{"line":97,"column":4}},"44":{"start":{"line":100,"column":31},"end":{"line":122,"column":1}},"45":{"start":{"line":102,"column":4},"end":{"line":104,"column":21}},"46":{"start":{"line":107,"column":4},"end":{"line":109,"column":21}},"47":{"start":{"line":112,"column":4},"end":{"line":114,"column":21}},"48":{"start":{"line":117,"column":4},"end":{"line":119,"column":21}},"49":{"start":{"line":121,"column":2},"end":{"line":121,"column":74}}},"fnMap":{"0":{"name":"(anonymous_0)","decl":{"start":{"line":5,"column":29},"end":{"line":5,"column":30}},"loc":{"start":{"line":5,"column":69},"end":{"line":10,"column":1}}},"1":{"name":"(anonymous_1)","decl":{"start":{"line":12,"column":29},"end":{"line":12,"column":30}},"loc":{"start":{"line":13,"column":2},"end":{"line":17,"column":26}}},"2":{"name":"(anonymous_2)","decl":{"start":{"line":20,"column":29},"end":{"line":20,"column":30}},"loc":{"start":{"line":21,"column":2},"end":{"line":25,"column":26}}},"3":{"name":"(anonymous_3)","decl":{"start":{"line":28,"column":25},"end":{"line":28,"column":26}},"loc":{"start":{"line":28,"column":74},"end":{"line":34,"column":1}}},"4":{"name":"(anonymous_4)","decl":{"start":{"line":37,"column":27},"end":{"line":37,"column":28}},"loc":{"start":{"line":37,"column":38},"end":{"line":45,"column":1}}},"5":{"name":"(anonymous_5)","decl":{"start":{"line":41,"column":9},"end":{"line":41,"column":10}},"loc":{"start":{"line":41,"column":19},"end":{"line":41,"column":23}}},"6":{"name":"(anonymous_6)","decl":{"start":{"line":42,"column":10},"end":{"line":42,"column":11}},"loc":{"start":{"line":42,"column":15},"end":{"line":42,"column":16}}},"7":{"name":"(anonymous_7)","decl":{"start":{"line":47,"column":33},"end":{"line":47,"column":34}},"loc":{"start":{"line":47,"column":68},"end":{"line":60,"column":1}}},"8":{"name":"(anonymous_8)","decl":{"start":{"line":62,"column":23},"end":{"line":62,"column":24}},"loc":{"start":{"line":62,"column":34},"end":{"line":72,"column":1}}},"9":{"name":"(anonymous_9)","decl":{"start":{"line":64,"column":15},"end":{"line":64,"column":16}},"loc":{"start":{"line":64,"column":28},"end":{"line":64,"column":80}}},"10":{"name":"(anonymous_10)","decl":{"start":{"line":68,"column":9},"end":{"line":68,"column":10}},"loc":{"start":{"line":68,"column":19},"end":{"line":68,"column":23}}},"11":{"name":"(anonymous_11)","decl":{"start":{"line":69,"column":10},"end":{"line":69,"column":11}},"loc":{"start":{"line":69,"column":20},"end":{"line":69,"column":71}}},"12":{"name":"(anonymous_12)","decl":{"start":{"line":70,"column":10},"end":{"line":70,"column":11}},"loc":{"start":{"line":70,"column":15},"end":{"line":70,"column":16}}},"13":{"name":"(anonymous_13)","decl":{"start":{"line":74,"column":20},"end":{"line":74,"column":21}},"loc":{"start":{"line":75,"column":2},"end":{"line":75,"column":56}}},"14":{"name":"(anonymous_14)","decl":{"start":{"line":77,"column":36},"end":{"line":77,"column":37}},"loc":{"start":{"line":77,"column":46},"end":{"line":98,"column":1}}},"15":{"name":"(anonymous_15)","decl":{"start":{"line":100,"column":31},"end":{"line":100,"column":32}},"loc":{"start":{"line":100,"column":37},"end":{"line":122,"column":1}}}},"branchMap":{"0":{"loc":{"start":{"line":5,"column":47},"end":{"line":5,"column":62}},"type":"default-arg","locations":[{"start":{"line":5,"column":61},"end":{"line":5,"column":62}}]},"1":{"loc":{"start":{"line":20,"column":52},"end":{"line":20,"column":73}},"type":"default-arg","locations":[{"start":{"line":20,"column":67},"end":{"line":20,"column":73}}]},"2":{"loc":{"start":{"line":48,"column":2},"end":{"line":54,"column":3}},"type":"if","locations":[{"start":{"line":48,"column":2},"end":{"line":54,"column":3}},{"start":{"line":48,"column":2},"end":{"line":54,"column":3}}]},"3":{"loc":{"start":{"line":79,"column":22},"end":{"line":79,"column":38}},"type":"cond-expr","locations":[{"start":{"line":79,"column":32},"end":{"line":79,"column":34}},{"start":{"line":79,"column":37},"end":{"line":79,"column":38}}]},"4":{"loc":{"start":{"line":80,"column":24},"end":{"line":80,"column":36}},"type":"binary-expr","locations":[{"start":{"line":80,"column":24},"end":{"line":80,"column":30}},{"start":{"line":80,"column":34},"end":{"line":80,"column":36}}]},"5":{"loc":{"start":{"line":81,"column":19},"end":{"line":81,"column":30}},"type":"binary-expr","locations":[{"start":{"line":81,"column":19},"end":{"line":81,"column":25}},{"start":{"line":81,"column":29},"end":{"line":81,"column":30}}]}},"s":{"0":4,"1":9,"2":9,"3":9,"4":9,"5":4,"6":11,"7":4,"8":11,"9":4,"10":9,"11":9,"12":9,"13":9,"14":9,"15":4,"16":5,"17":5,"18":21960,"19":21960,"20":5,"21":4,"22":9,"23":8,"24":1,"25":4,"26":4,"27":4,"28":240,"29":4,"30":4,"31":240,"32":240,"33":240,"34":4,"35":21960,"36":4,"37":3,"38":3,"39":3,"40":3,"41":3,"42":3,"43":3,"44":4,"45":3,"46":3,"47":3,"48":3,"49":3},"f":{"0":9,"1":11,"2":11,"3":9,"4":5,"5":21960,"6":21960,"7":9,"8":4,"9":240,"10":240,"11":240,"12":240,"13":21960,"14":3,"15":3},"b":{"0":[9],"1":[2],"2":[8,1],"3":[0,3],"4":[3,2],"5":[3,3]},"_coverageSchema":"332fd63041d2c1bcb487cc26dd0d5f7d97098a6c","hash":"3bbe56131c87c103f73dcbb54e3d3b3bff61d3ed"}
,"/Users/arnthor/Development/github/react-liquidchart/src/Helpers/props.js": {"path":"/Users/arnthor/Development/github/react-liquidchart/src/Helpers/props.js","statementMap":{"0":{"start":{"line":3,"column":22},"end":{"line":6,"column":2}},"1":{"start":{"line":8,"column":29},"end":{"line":11,"column":2}}},"fnMap":{},"branchMap":{},"s":{"0":4,"1":4},"f":{},"b":{},"_coverageSchema":"332fd63041d2c1bcb487cc26dd0d5f7d97098a6c","hash":"ea472c6822547ce47579aff1ad17b691d931f1aa"}
}
