TN:
SF:/Users/arnthor/Development/github/react-liquidchart/src/Chart/Clip.jsx
FN:3,(anonymous_0)
FNF:1
FNH:1
FNDA:12,(anonymous_0)
DA:3,4
DA:4,12
DA:11,4
LF:3
LH:3
BRF:0
BRH:0
end_of_record
TN:
SF:/Users/arnthor/Development/github/react-liquidchart/src/Chart/Liquid.jsx
FN:35,(anonymous_0)
FN:45,(anonymous_1)
FN:49,(anonymous_2)
FN:53,(anonymous_3)
FN:63,(anonymous_4)
FN:73,(anonymous_5)
FN:101,(anonymous_6)
FN:106,(anonymous_7)
FN:108,(anonymous_8)
FN:113,(anonymous_9)
FN:124,(anonymous_10)
FN:126,(anonymous_11)
FN:131,(anonymous_12)
FN:139,(anonymous_13)
FN:148,(anonymous_14)
FN:155,(anonymous_15)
FN:162,(anonymous_16)
FN:168,(anonymous_17)
FN:178,(anonymous_18)
FN:183,(anonymous_19)
FN:211,(anonymous_20)
FN:213,(anonymous_21)
FN:219,(anonymous_22)
FN:223,(anonymous_23)
FN:234,(anonymous_24)
FN:242,(anonymous_25)
FN:253,(anonymous_26)
FN:266,(anonymous_27)
FN:270,(anonymous_28)
FNF:29
FNH:29
FNDA:6,(anonymous_0)
FNDA:6,(anonymous_1)
FNDA:3,(anonymous_2)
FNDA:5,(anonymous_3)
FNDA:5,(anonymous_4)
FNDA:3,(anonymous_5)
FNDA:30,(anonymous_6)
FNDA:30,(anonymous_7)
FNDA:182,(anonymous_8)
FNDA:10920,(anonymous_9)
FNDA:29,(anonymous_10)
FNDA:137,(anonymous_11)
FNDA:8220,(anonymous_12)
FNDA:28,(anonymous_13)
FNDA:3,(anonymous_14)
FNDA:21,(anonymous_15)
FNDA:21,(anonymous_16)
FNDA:1260,(anonymous_17)
FNDA:2,(anonymous_18)
FNDA:2,(anonymous_19)
FNDA:2,(anonymous_20)
FNDA:26,(anonymous_21)
FNDA:26,(anonymous_22)
FNDA:1560,(anonymous_23)
FNDA:5,(anonymous_24)
FNDA:4,(anonymous_25)
FNDA:9,(anonymous_26)
FNDA:9,(anonymous_27)
FNDA:13,(anonymous_28)
DA:36,6
DA:37,6
DA:38,1
DA:39,5
DA:40,1
DA:42,6
DA:46,6
DA:50,3
DA:54,5
DA:56,5
DA:57,1
DA:60,4
DA:64,5
DA:66,5
DA:67,1
DA:70,4
DA:76,3
DA:79,3
DA:82,3
DA:85,3
DA:88,3
DA:91,3
DA:94,3
DA:96,3
DA:98,3
DA:99,3
DA:101,3
DA:102,30
DA:107,30
DA:108,30
DA:109,182
DA:110,182
DA:111,182
DA:112,182
DA:114,10920
DA:116,182
DA:117,182
DA:118,182
DA:125,29
DA:126,29
DA:127,137
DA:128,137
DA:129,137
DA:130,137
DA:132,8220
DA:134,137
DA:135,137
DA:136,137
DA:140,28
DA:144,3
DA:149,3
DA:153,3
DA:155,3
DA:156,21
DA:157,21
DA:158,21
DA:159,21
DA:162,3
DA:163,21
DA:164,21
DA:165,21
DA:166,21
DA:167,21
DA:169,1260
DA:171,21
DA:172,21
DA:173,21
DA:174,21
DA:175,21
DA:179,2
DA:186,2
DA:189,2
DA:192,2
DA:195,2
DA:198,2
DA:200,2
DA:202,2
DA:204,2
DA:205,2
DA:207,2
DA:212,2
DA:213,2
DA:214,26
DA:215,26
DA:216,26
DA:217,26
DA:219,2
DA:220,26
DA:221,26
DA:222,26
DA:224,1560
DA:226,26
DA:227,26
DA:228,26
DA:235,5
DA:236,3
DA:237,3
DA:239,2
DA:243,4
DA:244,4
DA:245,4
DA:246,4
DA:247,4
DA:248,4
DA:249,4
DA:250,4
DA:255,9
DA:258,9
DA:259,5
DA:260,5
DA:263,4
DA:267,9
DA:268,9
DA:270,13
LF:114
LH:114
BRDA:37,0,0,1
BRDA:37,0,1,5
BRDA:39,1,0,1
BRDA:39,1,1,4
BRDA:56,2,0,1
BRDA:56,2,1,4
BRDA:66,3,0,1
BRDA:66,3,1,4
BRDA:149,4,0,3
BRDA:149,4,1,3
BRDA:212,5,0,2
BRDA:212,5,1,2
BRDA:235,6,0,3
BRDA:235,6,1,2
BRDA:255,7,0,9
BRDA:255,7,1,5
BRDA:258,8,0,5
BRDA:258,8,1,4
BRF:18
BRH:18
end_of_record
TN:
SF:/Users/arnthor/Development/github/react-liquidchart/src/Chart/LiquidChart.jsx
FN:14,(anonymous_0)
FNF:1
FNH:1
FNDA:1,(anonymous_0)
DA:12,1
DA:14,1
DA:15,1
DA:80,1
DA:123,1
LF:5
LH:5
BRF:0
BRH:0
end_of_record
TN:
SF:/Users/arnthor/Development/github/react-liquidchart/src/Chart/Shape.jsx
FN:7,(anonymous_0)
FNF:1
FNH:1
FNDA:11,(anonymous_0)
DA:7,4
DA:8,11
DA:9,11
DA:29,4
DA:38,4
LF:5
LH:5
BRDA:8,0,0,0
BRDA:8,0,1,11
BRF:2
BRH:1
end_of_record
TN:
SF:/Users/arnthor/Development/github/react-liquidchart/src/Chart/Text.jsx
FN:4,(anonymous_0)
FNF:1
FNH:1
FNDA:2,(anonymous_0)
DA:4,2
DA:5,2
DA:35,2
DA:40,2
DA:55,2
LF:5
LH:5
BRF:0
BRH:0
end_of_record
TN:
SF:/Users/arnthor/Development/github/react-liquidchart/src/Helpers/constants.js
FNF:0
FNH:0
DA:4,4
DA:5,4
DA:6,4
DA:7,4
DA:8,4
DA:9,4
DA:10,4
DA:11,4
DA:12,4
DA:13,4
DA:17,4
DA:18,4
DA:23,4
LF:13
LH:13
BRF:0
BRH:0
end_of_record
TN:
SF:/Users/arnthor/Development/github/react-liquidchart/src/Helpers/dimensions.js
FN:5,(anonymous_0)
FN:12,(anonymous_1)
FN:20,(anonymous_2)
FN:28,(anonymous_3)
FN:37,(anonymous_4)
FN:41,(anonymous_5)
FN:42,(anonymous_6)
FN:47,(anonymous_7)
FN:62,(anonymous_8)
FN:64,(anonymous_9)
FN:68,(anonymous_10)
FN:69,(anonymous_11)
FN:70,(anonymous_12)
FN:74,(anonymous_13)
FN:77,(anonymous_14)
FN:100,(anonymous_15)
FNF:16
FNH:16
FNDA:9,(anonymous_0)
FNDA:11,(anonymous_1)
FNDA:11,(anonymous_2)
FNDA:9,(anonymous_3)
FNDA:5,(anonymous_4)
FNDA:21960,(anonymous_5)
FNDA:21960,(anonymous_6)
FNDA:9,(anonymous_7)
FNDA:4,(anonymous_8)
FNDA:240,(anonymous_9)
FNDA:240,(anonymous_10)
FNDA:240,(anonymous_11)
FNDA:240,(anonymous_12)
FNDA:21960,(anonymous_13)
FNDA:3,(anonymous_14)
FNDA:3,(anonymous_15)
DA:5,4
DA:6,9
DA:7,9
DA:8,9
DA:9,9
DA:12,4
DA:13,11
DA:20,4
DA:21,11
DA:28,4
DA:29,9
DA:30,9
DA:31,9
DA:32,9
DA:33,9
DA:37,4
DA:38,5
DA:40,5
DA:41,21960
DA:42,21960
DA:44,5
DA:47,4
DA:48,9
DA:49,8
DA:55,1
DA:62,4
DA:63,4
DA:64,240
DA:65,4
DA:66,4
DA:68,240
DA:69,240
DA:70,240
DA:74,4
DA:75,21960
DA:77,4
DA:78,3
DA:79,3
DA:80,3
DA:81,3
DA:83,3
DA:89,3
DA:94,3
DA:100,4
DA:102,3
DA:107,3
DA:112,3
DA:117,3
DA:121,3
LF:49
LH:49
BRDA:5,0,0,9
BRDA:20,1,0,2
BRDA:48,2,0,8
BRDA:48,2,1,1
BRDA:79,3,0,0
BRDA:79,3,1,3
BRDA:80,4,0,3
BRDA:80,4,1,2
BRDA:81,5,0,3
BRDA:81,5,1,3
BRF:10
BRH:9
end_of_record
TN:
SF:/Users/arnthor/Development/github/react-liquidchart/src/Helpers/props.js
FNF:0
FNH:0
DA:3,4
DA:8,4
LF:2
LH:2
BRF:0
BRH:0
end_of_record
